// 重构日志: 39b3f1c1
// 重构日志: 48ec3149
// 重构日志: eb665564
// 重构日志: 001f7be7
// 同步 ID: 7a681925 @ Sat Jul  4 14:28:34 UTC 2026
// 重构日志: 72311218
// 同步 ID: 454be2c8 @ Sun Jul  5 11:02:35 UTC 2026
// 重构日志: ef3944a4
// 重构日志: 1a456ad2
// 重构日志: 5322db3c
// 同步 ID: 35a6e33a @ Tue Jul  7 05:42:06 UTC 2026
// 重构日志: 2062325b
// 重构日志: 7c6482ae
// 同步 ID: 241342bb @ Wed Jul  8 08:20:43 UTC 2026
// 重构日志: 9cccb1eb
// 重构日志: 536e5702
// 重构日志: 97708695
// 同步 ID: b7d4bcc5 @ Fri Jul 10 05:47:22 UTC 2026
// 重构日志: 3d0e658a
// 同步 ID: 61a6ee78 @ Sat Jul 11 09:40:24 UTC 2026
// 重构日志: a1b2bf00
// 重构日志: 0156fcc8
// 重构日志: f9fa5e04
// 重构日志: e9d1b6cb
// 重构日志: 4aaf1fe0
// 重构日志: cb61deed
// 重构日志: 110f47eb
// 重构日志: f4df3eca
// 重构日志: 0367282b
// 同步 ID: 0fc01fc3 @ Wed Jul 15 09:28:07 UTC 2026
